# JRE version: OpenJDK Runtime Environment (8.0_102-b14) (build 1.8.0_102-b14)
# Java VM: OpenJDK 64-Bit Server VM (25.102-b14 mixed mode linux-amd64 compressed oops)
Heap:
 PSYoungGen      total 200704K, used 96K [0x00000000ec000000, 0x00000000f8880000, 0x0000000100000000)
  eden space 196096K, 0% used [0x00000000ec000000,0x00000000ec000000,0x00000000f7f80000)
  from space 4608K, 2% used [0x00000000f7f80000,0x00000000f7f98000,0x00000000f8400000)
  to   space 4608K, 0% used [0x00000000f8400000,0x00000000f8400000,0x00000000f8880000)
 ParOldGen       total 40960K, used 3623K [0x00000000c4000000, 0x00000000c6800000, 0x00000000ec000000)
  object space 40960K, 8% used [0x00000000c4000000,0x00000000c4389c60,0x00000000c6800000)
 Metaspace       used 13926K, capacity 14146K, committed 14464K, reserved 1062912K
  class space    used 1722K, capacity 1810K, committed 1920K, reserved 1048576K
GC Heap History (10 events):
Event: 3,536 GC heap after
Heap after GC invocations=6 (full 0):
 PSYoungGen      total 65536K, used 2016K [0x00000000ec000000, 0x00000000f0400000, 0x0000000100000000)
  eden space 61440K, 0% used [0x00000000ec000000,0x00000000ec000000,0x00000000efc00000)
  from space 4096K, 49% used [0x00000000f0000000,0x00000000f01f8040,0x00000000f0400000)
  to   space 4096K, 0% used [0x00000000efc00000,0x00000000efc00000,0x00000000f0000000)
 ParOldGen       total 40960K, used 1266K [0x00000000c4000000, 0x00000000c6800000, 0x00000000ec000000)
  object space 40960K, 3% used [0x00000000c4000000,0x00000000c413c828,0x00000000c6800000)
 Metaspace       used 11754K, capacity 11944K, committed 12288K, reserved 1060864K
  class space    used 1377K, capacity 1442K, committed 1536K, reserved 1048576K
}
Event: 3,585 GC heap before
{Heap before GC invocations=7 (full 0):
 PSYoungGen      total 65536K, used 63456K [0x00000000ec000000, 0x00000000f0400000, 0x0000000100000000)
  eden space 61440K, 100% used [0x00000000ec000000,0x00000000efc00000,0x00000000efc00000)
  from space 4096K, 49% used [0x00000000f0000000,0x00000000f01f8040,0x00000000f0400000)
  to   space 4096K, 0% used [0x00000000efc00000,0x00000000efc00000,0x00000000f0000000)
 ParOldGen       total 40960K, used 1266K [0x00000000c4000000, 0x00000000c6800000, 0x00000000ec000000)
  object space 40960K, 3% used [0x00000000c4000000,0x00000000c413c828,0x00000000c6800000)
 Metaspace       used 11931K, capacity 12090K, committed 12288K, reserved 1060864K
  class space    used 1390K, capacity 1445K, committed 1536K, reserved 1048576K
Event: 3,590 GC heap after
Heap after GC invocations=7 (full 0):
 PSYoungGen      total 65536K, used 160K [0x00000000ec000000, 0x00000000f4000000, 0x0000000100000000)
  eden space 61440K, 0% used [0x00000000ec000000,0x00000000ec000000,0x00000000efc00000)
  from space 4096K, 3% used [0x00000000efc00000,0x00000000efc28000,0x00000000f0000000)
  to   space 4096K, 0% used [0x00000000f3c00000,0x00000000f3c00000,0x00000000f4000000)
 ParOldGen       total 40960K, used 3170K [0x00000000c4000000, 0x00000000c6800000, 0x00000000ec000000)
  object space 40960K, 7% used [0x00000000c4000000,0x00000000c4318918,0x00000000c6800000)
 Metaspace       used 11931K, capacity 12090K, committed 12288K, reserved 1060864K
  class space    used 1390K, capacity 1445K, committed 1536K, reserved 1048576K
}
Event: 3,643 GC heap before
{Heap before GC invocations=8 (full 0):
 PSYoungGen      total 65536K, used 61600K [0x00000000ec000000, 0x00000000f4000000, 0x0000000100000000)
  eden space 61440K, 100% used [0x00000000ec000000,0x00000000efc00000,0x00000000efc00000)
  from space 4096K, 3% used [0x00000000efc00000,0x00000000efc28000,0x00000000f0000000)
  to   space 4096K, 0% used [0x00000000f3c00000,0x00000000f3c00000,0x00000000f4000000)
 ParOldGen       total 40960K, used 3170K [0x00000000c4000000, 0x00000000c6800000, 0x00000000ec000000)
  object space 40960K, 7% used [0x00000000c4000000,0x00000000c4318918,0x00000000c6800000)
 Metaspace       used 12202K, capacity 12392K, committed 12544K, reserved 1060864K
  class space    used 1423K, capacity 1484K, committed 1536K, reserved 1048576K
Event: 3,645 GC heap after
Heap after GC invocations=8 (full 0):
 PSYoungGen      total 126464K, used 256K [0x00000000ec000000, 0x00000000f4100000, 0x0000000100000000)
  eden space 122368K, 0% used [0x00000000ec000000,0x00000000ec000000,0x00000000f3780000)
  from space 4096K, 6% used [0x00000000f3c00000,0x00000000f3c40000,0x00000000f4000000)
  to   space 4608K, 0% used [0x00000000f3780000,0x00000000f3780000,0x00000000f3c00000)
 ParOldGen       total 40960K, used 3210K [0x00000000c4000000, 0x00000000c6800000, 0x00000000ec000000)
  object space 40960K, 7% used [0x00000000c4000000,0x00000000c4322918,0x00000000c6800000)
 Metaspace       used 12202K, capacity 12392K, committed 12544K, reserved 1060864K
  class space    used 1423K, capacity 1484K, committed 1536K, reserved 1048576K
}
Event: 3,742 GC heap before
{Heap before GC invocations=9 (full 0):
 PSYoungGen      total 126464K, used 122624K [0x00000000ec000000, 0x00000000f4100000, 0x0000000100000000)
  eden space 122368K, 100% used [0x00000000ec000000,0x00000000f3780000,0x00000000f3780000)
  from space 4096K, 6% used [0x00000000f3c00000,0x00000000f3c40000,0x00000000f4000000)
  to   space 4608K, 0% used [0x00000000f3780000,0x00000000f3780000,0x00000000f3c00000)
 ParOldGen       total 40960K, used 3210K [0x00000000c4000000, 0x00000000c6800000, 0x00000000ec000000)
  object space 40960K, 7% used [0x00000000c4000000,0x00000000c4322918,0x00000000c6800000)
 Metaspace       used 12637K, capacity 12814K, committed 12928K, reserved 1060864K
  class space    used 1490K, capacity 1582K, committed 1664K, reserved 1048576K
Event: 3,743 GC heap after
Heap after GC invocations=9 (full 0):
 PSYoungGen      total 126976K, used 416K [0x00000000ec000000, 0x00000000f8880000, 0x0000000100000000)
  eden space 122368K, 0% used [0x00000000ec000000,0x00000000ec000000,0x00000000f3780000)
  from space 4608K, 9% used [0x00000000f3780000,0x00000000f37e8000,0x00000000f3c00000)
  to   space 4608K, 0% used [0x00000000f8400000,0x00000000f8400000,0x00000000f8880000)
 ParOldGen       total 40960K, used 3250K [0x00000000c4000000, 0x00000000c6800000, 0x00000000ec000000)
  object space 40960K, 7% used [0x00000000c4000000,0x00000000c432c928,0x00000000c6800000)
 Metaspace       used 12637K, capacity 12814K, committed 12928K, reserved 1060864K
  class space    used 1490K, capacity 1582K, committed 1664K, reserved 1048576K
}
Event: 3,830 GC heap before
{Heap before GC invocations=10 (full 0):
 PSYoungGen      total 126976K, used 122784K [0x00000000ec000000, 0x00000000f8880000, 0x0000000100000000)
  eden space 122368K, 100% used [0x00000000ec000000,0x00000000f3780000,0x00000000f3780000)
  from space 4608K, 9% used [0x00000000f3780000,0x00000000f37e8000,0x00000000f3c00000)
  to   space 4608K, 0% used [0x00000000f8400000,0x00000000f8400000,0x00000000f8880000)
 ParOldGen       total 40960K, used 3250K [0x00000000c4000000, 0x00000000c6800000, 0x00000000ec000000)
  object space 40960K, 7% used [0x00000000c4000000,0x00000000c432c928,0x00000000c6800000)
 Metaspace       used 13220K, capacity 13422K, committed 13568K, reserved 1060864K
  class space    used 1588K, capacity 1678K, committed 1792K, reserved 1048576K
Event: 3,832 GC heap after
Heap after GC invocations=10 (full 0):
 PSYoungGen      total 200704K, used 256K [0x00000000ec000000, 0x00000000f8880000, 0x0000000100000000)
  eden space 196096K, 0% used [0x00000000ec000000,0x00000000ec000000,0x00000000f7f80000)
  from space 4608K, 5% used [0x00000000f8400000,0x00000000f8440000,0x00000000f8880000)
  to   space 4608K, 0% used [0x00000000f7f80000,0x00000000f7f80000,0x00000000f8400000)
 ParOldGen       total 40960K, used 3431K [0x00000000c4000000, 0x00000000c6800000, 0x00000000ec000000)
  object space 40960K, 8% used [0x00000000c4000000,0x00000000c4359c50,0x00000000c6800000)
 Metaspace       used 13220K, capacity 13422K, committed 13568K, reserved 1060864K
  class space    used 1588K, capacity 1678K, committed 1792K, reserved 1048576K
}
Event: 3,975 GC heap before
{Heap before GC invocations=11 (full 0):
 PSYoungGen      total 200704K, used 196352K [0x00000000ec000000, 0x00000000f8880000, 0x0000000100000000)
  eden space 196096K, 100% used [0x00000000ec000000,0x00000000f7f80000,0x00000000f7f80000)
  from space 4608K, 5% used [0x00000000f8400000,0x00000000f8440000,0x00000000f8880000)
  to   space 4608K, 0% used [0x00000000f7f80000,0x00000000f7f80000,0x00000000f8400000)
 ParOldGen       total 40960K, used 3431K [0x00000000c4000000, 0x00000000c6800000, 0x00000000ec000000)
  object space 40960K, 8% used [0x00000000c4000000,0x00000000c4359c50,0x00000000c6800000)
 Metaspace       used 13926K, capacity 14146K, committed 14464K, reserved 1062912K
  class space    used 1722K, capacity 1810K, committed 1920K, reserved 1048576K

